2022-12-13 11:41:56 INFO  - Start : Default suite
2022-12-13 11:41:57 INFO  - Start test : postTest
2022-12-13 11:42:02 INFO  - ------------------------------------------------
2022-12-13 11:42:02 INFO  - Extracted name matches with given input name
2022-12-13 11:42:02 INFO  - ------------------------------------------------
2022-12-13 11:42:02 INFO  - **** Board created successfully ****
2022-12-13 11:42:02 INFO  - success test - postTest
2022-12-13 11:42:02 INFO  - Start test : getTest
2022-12-13 11:42:03 INFO  - ------------------------------------------------
2022-12-13 11:42:03 INFO  - Extracted ID matches with the saved ID in global variable
2022-12-13 11:42:03 INFO  - ------------------------------------------------
2022-12-13 11:42:03 INFO  - **** Board Fetched successfully ****
2022-12-13 11:42:03 INFO  - success test - getTest
2022-12-13 11:42:03 INFO  - Start test : updateTest
2022-12-13 11:42:03 INFO  - ------------------------------------------------
2022-12-13 11:42:03 INFO  - Extracted OrganizationID matches with the saved OrganizationID in global variable
2022-12-13 11:42:03 INFO  - ------------------------------------------------
2022-12-13 11:42:03 INFO  - **** Board updated successfully ****
2022-12-13 11:42:03 INFO  - success test - updateTest
2022-12-13 11:42:03 INFO  - Start test : deleteTest
2022-12-13 11:42:05 INFO  - ------------------------------------------------
2022-12-13 11:42:05 INFO  - Deleted id response gives null values
2022-12-13 11:42:05 INFO  - ------------------------------------------------
2022-12-13 11:42:05 INFO  - **** Board deleted successfully ****
2022-12-13 11:42:05 INFO  - success test - deleteTest
2022-12-13 11:42:05 INFO  - End : Default suite
2022-12-13 11:45:26 INFO  - Start : Default suite
2022-12-13 11:45:26 INFO  - Start test : postTest
2022-12-13 11:45:34 INFO  - ------------------------------------------------
2022-12-13 11:45:34 INFO  - Extracted name matches with given input name
2022-12-13 11:45:34 INFO  - ------------------------------------------------
2022-12-13 11:45:34 INFO  - **** Board created successfully ****
2022-12-13 11:45:34 INFO  - success test - postTest
2022-12-13 11:45:34 INFO  - Start test : getTest
2022-12-13 11:45:35 INFO  - ------------------------------------------------
2022-12-13 11:45:35 INFO  - Extracted ID matches with the saved ID in global variable
2022-12-13 11:45:35 INFO  - ------------------------------------------------
2022-12-13 11:45:35 INFO  - **** Board Fetched successfully ****
2022-12-13 11:45:35 INFO  - success test - getTest
2022-12-13 11:45:35 INFO  - Start test : updateTest
2022-12-13 11:45:36 INFO  - ------------------------------------------------
2022-12-13 11:45:36 INFO  - Extracted OrganizationID matches with the saved OrganizationID in global variable
2022-12-13 11:45:36 INFO  - ------------------------------------------------
2022-12-13 11:45:36 INFO  - **** Board updated successfully ****
2022-12-13 11:45:36 INFO  - success test - updateTest
2022-12-13 11:45:36 INFO  - Start test : deleteTest
2022-12-13 11:45:37 INFO  - ------------------------------------------------
2022-12-13 11:45:37 INFO  - Deleted id response gives null values
2022-12-13 11:45:37 INFO  - ------------------------------------------------
2022-12-13 11:45:37 INFO  - **** Board deleted successfully ****
2022-12-13 11:45:37 INFO  - success test - deleteTest
2022-12-13 11:45:37 INFO  - End : Default suite
